[debug] > Exec(Gatling/test, None, None)
[debug] Evaluating tasks: Gatling / test
[debug] Running task... Cancel: Signal, check cycles: false, forcegc: true
[info] compiling 1 Scala source to D:\PrP\gat-test\target\scala-2.13\test-classes ...
[info] done compiling
[error] java.lang.UnsupportedOperationException: There were no requests sent during the simulation, reports won't be generated
[error] 	at io.gatling.charts.report.ReportsGenerator.generateFor(ReportsGenerator.scala:50)
[error] 	at io.gatling.app.RunResultProcessor.generateReports(RunResultProcessor.scala:65)
[error] 	at io.gatling.app.RunResultProcessor.processRunResult(RunResultProcessor.scala:40)
[error] 	at io.gatling.app.Gatling$.start(Gatling.scala:97)
[error] 	at io.gatling.app.Gatling$.fromArgs(Gatling.scala:49)
[error] 	at io.gatling.app.Gatling$.fromSbtTestFramework(Gatling.scala:45)
[error] 	at io.gatling.sbt.GatlingTask.liftedTree1$1(GatlingTask.scala:52)
[error] 	at io.gatling.sbt.GatlingTask.execute(GatlingTask.scala:51)
[error] 	at sbt.ForkMain$Run.lambda$runTest$1(ForkMain.java:413)
[error] 	at java.base/java.util.concurrent.FutureTask.run(FutureTask.java:264)
[error] 	at java.base/java.util.concurrent.ThreadPoolExecutor.runWorker(ThreadPoolExecutor.java:1136)
[error] 	at java.base/java.util.concurrent.ThreadPoolExecutor$Worker.run(ThreadPoolExecutor.java:635)
[error] 	at java.base/java.lang.Thread.run(Thread.java:833)
[error] Simulation TestPocket failed.
[info] Simulation(s) execution ended.
[error] Failed tests:
[error] 	jj.TestPocket
[debug] Forcing garbage collection...
[error] (Gatling / test) sbt.TestsFailedException: Tests unsuccessful
[error] Total time: 18 s, completed 29 jun 2022 14:11:17
[debug] > Exec(idea-shell, None, None)
